('2017-11-21 23:32:38,912 - root - INFO - Program was started!')
('2017-11-21 23:32:38,912 - root - INFO - The directory results created!')
('2017-11-21 23:32:38,914 - root - INFO - Parameters console received!')
('2017-11-21 23:32:41,201 - root - INFO - ALL OK! All id categoty showstories received!')
('2017-11-21 23:32:41,742 - root - INFO - Data of 0-th element received and add')
('2017-11-21 23:32:42,384 - root - INFO - Data of 1-th element received and add')
('2017-11-21 23:32:43,033 - root - INFO - Data of 2-th element received and add')
('2017-11-21 23:32:43,670 - root - INFO - Data of 3-th element received and add')
('2017-11-21 23:32:44,317 - root - INFO - Data of 4-th element received and add')
('2017-11-21 23:32:44,957 - root - INFO - Data of 5-th element received and add')
('2017-11-21 23:32:45,600 - root - INFO - Data of 6-th element received and add')
('2017-11-21 23:32:46,295 - root - INFO - Data of 7-th element received and add')
('2017-11-21 23:32:46,930 - root - INFO - Data of 8-th element received and add')
('2017-11-21 23:32:47,667 - root - INFO - Data of 9-th element received and add')
('2017-11-21 23:32:48,776 - root - INFO - Data of 10-th element received and add')
('2017-11-21 23:32:49,419 - root - INFO - Data of 11-th element received and add')
('2017-11-21 23:32:50,061 - root - INFO - Data of 12-th element received and add')
('2017-11-21 23:32:50,705 - root - INFO - Data of 13-th element received and add')
('2017-11-21 23:32:51,366 - root - INFO - Data of 14-th element received and add')
('2017-11-21 23:32:52,008 - root - INFO - Data of 15-th element received and add')
('2017-11-21 23:32:52,732 - root - INFO - Data of 16-th element received and add')
('2017-11-21 23:32:53,415 - root - INFO - Data of 17-th element received and add')
('2017-11-21 23:32:54,056 - root - INFO - Data of 18-th element received and add')
('2017-11-21 23:32:54,707 - root - INFO - Data of 19-th element received and add')
('2017-11-21 23:32:55,345 - root - INFO - Data of 20-th element received and add')
('2017-11-21 23:32:56,015 - root - INFO - Data of 21-th element received and add')
('2017-11-21 23:32:56,669 - root - INFO - Data of 22-th element received and add')
('2017-11-21 23:32:57,316 - root - INFO - Data of 23-th element received and add')
('2017-11-21 23:32:57,959 - root - INFO - Data of 24-th element received and add')
('2017-11-21 23:32:58,600 - root - INFO - Data of 25-th element received and add')
('2017-11-21 23:32:59,248 - root - INFO - Data of 26-th element received and add')
('2017-11-21 23:32:59,904 - root - INFO - Data of 27-th element received and add')
('2017-11-21 23:33:00,549 - root - INFO - Data of 28-th element received and add')
('2017-11-21 23:33:01,211 - root - INFO - Data of 29-th element received and add')
('2017-11-21 23:33:01,869 - root - INFO - Data of 30-th element received and add')
('2017-11-21 23:33:02,523 - root - INFO - Data of 31-th element received and add')
('2017-11-21 23:33:03,179 - root - INFO - Data of 32-th element received and add')
('2017-11-21 23:33:03,824 - root - INFO - Data of 33-th element received and add')
('2017-11-21 23:33:04,489 - root - INFO - Data of 34-th element received and add')
('2017-11-21 23:33:05,146 - root - INFO - Data of 35-th element received and add')
('2017-11-21 23:33:05,795 - root - INFO - Data of 36-th element received and add')
('2017-11-21 23:33:06,437 - root - INFO - Data of 37-th element received and add')
('2017-11-21 23:33:07,094 - root - INFO - Data of 38-th element received and add')
('2017-11-21 23:33:07,732 - root - INFO - Data of 39-th element received and add')
('2017-11-21 23:33:08,395 - root - INFO - Data of 40-th element received and add')
('2017-11-21 23:33:09,045 - root - INFO - Data of 41-th element received and add')
('2017-11-21 23:33:09,045 - root - INFO - Data of every id showstories received!')
('2017-11-21 23:33:09,046 - root - INFO - Data is filtered out')
('2017-11-21 23:33:09,047 - root - INFO - File report.csv created!')
('2017-11-21 23:33:09,047 - root - INFO - Header write to file report.csv !')
('2017-11-21 23:33:09,049 - root - INFO - Data write to file report.csv !')
